<?xml version='1.0' encoding='utf-8'?>
<testsuite name="UIReporter" tests="10" failures="0" timestamp="2025-08-18T22:32:03.093979Z"><testcase classname="UI" name="tem_tabs" /><testcase classname="UI" name="tem_quatro_cards" /><testcase classname="UI" name="tem_filtros_periodo" /><testcase classname="UI" name="tem_toggle_tema" /><testcase classname="UI" name="tem_painel_grafico" /><testcase classname="UI" name="tem_painel_logs" /><testcase classname="UI" name="preco_tem_prefixo_moeda" /><testcase classname="UI" name="ofertas_tem_numero" /><testcase classname="UI" name="lojas_tem_numero" /><testcase classname="UI" name="grafico_tem_conteudo" /></testsuite>